
*** Running vivado
    with args -log l1_cache.vds -m64 -product Vivado -mode batch -messageDb vivado.pb -notrace -source l1_cache.tcl


****** Vivado v2018.3 (64-bit)
  **** SW Build 2405991 on Thu Dec  6 23:38:27 MST 2018
  **** IP Build 2404404 on Fri Dec  7 01:43:56 MST 2018
    ** Copyright 1986-2018 Xilinx, Inc. All Rights Reserved.

source l1_cache.tcl -notrace
Command: synth_design -top l1_cache -part xc7a100tcsg324-2L -mode out_of_context
Starting synth_design
Attempting to get a license for feature 'Synthesis' and/or device 'xc7a100t'
INFO: [Common 17-349] Got license for feature 'Synthesis' and/or device 'xc7a100t'
INFO: Launching helper process for spawning children vivado processes
INFO: Helper process launched with PID 70688 
---------------------------------------------------------------------------------
Starting RTL Elaboration : Time (s): cpu = 00:00:02 ; elapsed = 00:00:02 . Memory (MB): peak = 438.398 ; gain = 100.301
---------------------------------------------------------------------------------
INFO: [Synth 8-6157] synthesizing module 'l1_cache' [C:/Users/vladimirmilicevic/Desktop/ANN2/ANN2.srcs/sources_1/imports/design/rtl/cache/l1_cache.v:25]
ERROR: [Synth 8-434] mixed level sensitive and edge triggered event controls are not supported for synthesis [C:/Users/vladimirmilicevic/Desktop/ANN2/ANN2.srcs/sources_1/imports/design/rtl/cache/l1_cache.v:125]
ERROR: [Synth 8-6156] failed synthesizing module 'l1_cache' [C:/Users/vladimirmilicevic/Desktop/ANN2/ANN2.srcs/sources_1/imports/design/rtl/cache/l1_cache.v:25]
---------------------------------------------------------------------------------
Finished RTL Elaboration : Time (s): cpu = 00:00:03 ; elapsed = 00:00:03 . Memory (MB): peak = 494.199 ; gain = 156.102
---------------------------------------------------------------------------------
RTL Elaboration failed
INFO: [Common 17-83] Releasing license: Synthesis
3 Infos, 0 Warnings, 0 Critical Warnings and 3 Errors encountered.
synth_design failed
ERROR: [Common 17-69] Command failed: Synthesis failed - please see the console or run log file for details
INFO: [Common 17-206] Exiting Vivado at Sun Nov 24 03:16:55 2019...
