/CMC/tools/synopsys/syn_vH-2013.03-SP5-2/auxx/gui/dv/dv_setup.tcl
/CMC/tools/synopsys/syn_vH-2013.03-SP5-2/auxx/gui/syn/snpsSynProcs.tcl
/CMC/tools/synopsys/syn_vH-2013.03-SP5-2/auxx/tcllib/lib/tcl8.4/package.tcl
/CMC/tools/synopsys/syn_vH-2013.03-SP5-2/auxx/gui/syn/layout/pkgIndex.tcl
/CMC/tools/synopsys/syn_vH-2013.03-SP5-2/auxx/gui/common/acg/pkgIndex.tcl
/CMC/tools/synopsys/syn_vH-2013.03-SP5-2/auxx/gui/common/select/pkgIndex.tcl
/CMC/tools/synopsys/syn_vH-2013.03-SP5-2/auxx/gui/common/docBrowser/pkgIndex.tcl
/CMC/tools/synopsys/syn_vH-2013.03-SP5-2/auxx/gui/common/WindowFrameWork/pkgIndex.tcl
/CMC/tools/synopsys/syn_vH-2013.03-SP5-2/auxx/gui/common/qtcl/pkgIndex.tcl
/CMC/tools/synopsys/syn_vH-2013.03-SP5-2/auxx/gui/common/regressionToolkit/pkgIndex.tcl
/CMC/tools/synopsys/syn_vH-2013.03-SP5-2/auxx/gui/common/histogram/pkgIndex.tcl
/CMC/tools/synopsys/syn_vH-2013.03-SP5-2/auxx/gui/common/profiler/pkgIndex.tcl
/CMC/tools/synopsys/syn_vH-2013.03-SP5-2/auxx/gui/common/table/pkgIndex.tcl
/CMC/tools/synopsys/syn_vH-2013.03-SP5-2/auxx/gui/common/misc/pkgIndex.tcl
/CMC/tools/synopsys/syn_vH-2013.03-SP5-2/auxx/gui/common/libviewer/pkgIndex.tcl
/CMC/tools/synopsys/syn_vH-2013.03-SP5-2/auxx/gui/common/view/pkgIndex.tcl
/CMC/tools/synopsys/syn_vH-2013.03-SP5-2/auxx/gui/common/strokes/pkgIndex.tcl
/CMC/tools/synopsys/syn_vH-2013.03-SP5-2/auxx/gui/common/highlight/pkgIndex.tcl
/CMC/tools/synopsys/syn_vH-2013.03-SP5-2/auxx/gui/common/schematic/pkgIndex.tcl
/CMC/tools/synopsys/syn_vH-2013.03-SP5-2/auxx/gui/common/dialogs/pkgIndex.tcl
/CMC/tools/synopsys/syn_vH-2013.03-SP5-2/auxx/gui/common/timing/pkgIndex.tcl
/CMC/tools/synopsys/syn_vH-2013.03-SP5-2/auxx/gui/common/layout/pkgIndex.tcl
/CMC/tools/synopsys/syn_vH-2013.03-SP5-2/auxx/gui/common/pathinspector/pkgIndex.tcl
/CMC/tools/synopsys/syn_vH-2013.03-SP5-2/auxx/gui/common/fanoutviewer/pkgIndex.tcl
/CMC/tools/synopsys/syn_vH-2013.03-SP5-2/auxx/gui/common/setup/pkgIndex.tcl
/CMC/tools/synopsys/syn_vH-2013.03-SP5-2/auxx/gui/common/hierarchy/pkgIndex.tcl
/CMC/tools/synopsys/syn_vH-2013.03-SP5-2/auxx/gui/common/opdlg/pkgIndex.tcl
/CMC/tools/synopsys/syn_vH-2013.03-SP5-2/auxx/gui/common/tcl-dp/pkgIndex.tcl
/CMC/tools/synopsys/syn_vH-2013.03-SP5-2/auxx/gui/common/menus/pkgIndex.tcl
/CMC/tools/synopsys/syn_vH-2013.03-SP5-2/auxx/gui/dv/pkgIndex.tcl
/CMC/tools/synopsys/syn_vH-2013.03-SP5-2/auxx/tcllib/snps_tcl/snpsUtils/pkgIndex.tcl
/CMC/tools/synopsys/syn_vH-2013.03-SP5-2/auxx/tcllib/snps_tcl/snpsTest/pkgIndex.tcl
/CMC/tools/synopsys/syn_vH-2013.03-SP5-2/auxx/tcllib/snps_tcl/snpsTclPro/pkgIndex.tcl
/CMC/tools/synopsys/syn_vH-2013.03-SP5-2/auxx/tcllib/snps_tcl/pkgIndex.tcl
/CMC/tools/synopsys/syn_vH-2013.03-SP5-2/auxx/tcllib/lib/tcl8.4/http/pkgIndex.tcl
/CMC/tools/synopsys/syn_vH-2013.03-SP5-2/auxx/tcllib/lib/tcl8.4/opt/pkgIndex.tcl
/CMC/tools/synopsys/syn_vH-2013.03-SP5-2/auxx/tcllib/lib/tcl8.4/reg/pkgIndex.tcl
/CMC/tools/synopsys/syn_vH-2013.03-SP5-2/auxx/tcllib/lib/tcl8.4/tcltest/pkgIndex.tcl
/CMC/tools/synopsys/syn_vH-2013.03-SP5-2/auxx/tcllib/lib/tcl8.4/dde/pkgIndex.tcl
/CMC/tools/synopsys/syn_vH-2013.03-SP5-2/auxx/tcllib/lib/tcl8.4/http1.0/pkgIndex.tcl
/CMC/tools/synopsys/syn_vH-2013.03-SP5-2/auxx/tcllib/lib/tcl8.4/msgcat/pkgIndex.tcl
/CMC/tools/synopsys/syn_vH-2013.03-SP5-2/auxx/gui/common/setup/snpsCommonSetup.tcl
/CMC/tools/synopsys/syn_vH-2013.03-SP5-2/auxx/gui/common/setup/snpsCustomize.tcl
/CMC/tools/synopsys/syn_vH-2013.03-SP5-2/auxx/gui/common/setup/snpsProcheck.tcl
/CMC/tools/synopsys/syn_vH-2013.03-SP5-2/auxx/gui/common/qtcl/.synopsys_qtcl.tcl
/CMC/tools/synopsys/syn_vH-2013.03-SP5-2/auxx/gui/common/highlight/highlight.tcl
/CMC/tools/synopsys/syn_vH-2013.03-SP5-2/auxx/gui/common/misc/base.tcl
/CMC/tools/synopsys/syn_vH-2013.03-SP5-2/auxx/gui/common/misc/timing.tcl
/CMC/tools/synopsys/syn_vH-2013.03-SP5-2/auxx/gui/common/misc/setting.tcl
/CMC/tools/synopsys/syn_vH-2013.03-SP5-2/auxx/gui/common/misc/preset.tcl
/CMC/tools/synopsys/syn_vH-2013.03-SP5-2/auxx/gui/common/WindowFrameWork/windowFrameWork.tcl
/CMC/tools/synopsys/syn_vH-2013.03-SP5-2/auxx/gui/common/WindowFrameWork/skipBusyCursorCmdList.tcl
/CMC/tools/synopsys/syn_vH-2013.03-SP5-2/auxx/gui/common/docBrowser/docBrowser.tcl
/CMC/tools/synopsys/syn_vH-2013.03-SP5-2/auxx/tcllib/snps_tcl/snpsUtils/snpsUtils.tcl
/CMC/tools/synopsys/syn_vH-2013.03-SP5-2/auxx/gui/common/dialogs/ObjectChooser.tcl
/CMC/tools/synopsys/syn_vH-2013.03-SP5-2/auxx/gui/common/misc/DialogObjectChooser.tcl
/CMC/tools/synopsys/syn_vH-2013.03-SP5-2/auxx/gui/common/dialogs/HistBinInformation.tcl
/CMC/tools/synopsys/syn_vH-2013.03-SP5-2/auxx/gui/common/dialogs/HistBin1Information.tcl
/CMC/tools/synopsys/syn_vH-2013.03-SP5-2/auxx/gui/common/dialogs/BinsOnlyInformation.tcl
/CMC/tools/synopsys/syn_vH-2013.03-SP5-2/auxx/gui/common/dialogs/FileChooser.tcl
/CMC/tools/synopsys/syn_vH-2013.03-SP5-2/auxx/gui/common/dialogs/PathPinSimpleInfo.tcl
/CMC/tools/synopsys/syn_vH-2013.03-SP5-2/auxx/gui/common/dialogs/PathsBasicInfo.tcl
/CMC/tools/synopsys/syn_vH-2013.03-SP5-2/auxx/gui/common/dialogs/PathsBasicSimpleInfo.tcl
/CMC/tools/synopsys/syn_vH-2013.03-SP5-2/auxx/gui/common/dialogs/SlctOperationInfo.tcl
/CMC/tools/synopsys/syn_vH-2013.03-SP5-2/auxx/gui/common/dialogs/ObjectListInfo.tcl
/CMC/tools/synopsys/syn_vH-2013.03-SP5-2/auxx/gui/common/dialogs/FanInOutInfo.tcl
/CMC/tools/synopsys/syn_vH-2013.03-SP5-2/auxx/gui/common/dialogs/NumberOfLevelsChooser.tcl
/CMC/tools/synopsys/syn_vH-2013.03-SP5-2/auxx/gui/common/dialogs/WindowReuseInfo.tcl
/CMC/tools/synopsys/syn_vH-2013.03-SP5-2/auxx/gui/common/dialogs/ReportOutputOptionInfo.tcl
/CMC/tools/synopsys/syn_vH-2013.03-SP5-2/auxx/gui/common/setup/snpsCollections.tcl
/CMC/tools/synopsys/syn_vH-2013.03-SP5-2/auxx/gui/common/dialogs/CompileLinkDesign.tcl
/CMC/tools/synopsys/syn_vH-2013.03-SP5-2/auxx/gui/common/histogram/DialogEndpointSlack.tcl
/CMC/tools/synopsys/syn_vH-2013.03-SP5-2/auxx/gui/common/histogram/DialogPathsSlack.tcl
/CMC/tools/synopsys/syn_vH-2013.03-SP5-2/auxx/gui/common/histogram/DialogNetCapacitance.tcl
/CMC/tools/synopsys/syn_vH-2013.03-SP5-2/auxx/gui/common/schematic/DialogPathSchematicFanInOut.tcl
/CMC/tools/synopsys/syn_vH-2013.03-SP5-2/auxx/gui/common/schematic/DialogPathSchematicAddPaths.tcl
/CMC/tools/synopsys/syn_vH-2013.03-SP5-2/auxx/tcllib/lib/tk8.4/tk.tcl
/CMC/tools/synopsys/syn_vH-2013.03-SP5-2/auxx/tcllib/lib/tcl8.4/msgcat/msgcat.tcl
/CMC/tools/synopsys/syn_vH-2013.03-SP5-2/auxx/tcllib/lib/tk8.4/button.tcl
/CMC/tools/synopsys/syn_vH-2013.03-SP5-2/auxx/tcllib/lib/tk8.4/entry.tcl
/CMC/tools/synopsys/syn_vH-2013.03-SP5-2/auxx/tcllib/lib/tk8.4/listbox.tcl
/CMC/tools/synopsys/syn_vH-2013.03-SP5-2/auxx/tcllib/lib/tk8.4/menu.tcl
/CMC/tools/synopsys/syn_vH-2013.03-SP5-2/auxx/tcllib/lib/tk8.4/panedwindow.tcl
/CMC/tools/synopsys/syn_vH-2013.03-SP5-2/auxx/tcllib/lib/tk8.4/scale.tcl
/CMC/tools/synopsys/syn_vH-2013.03-SP5-2/auxx/tcllib/lib/tk8.4/scrlbar.tcl
/CMC/tools/synopsys/syn_vH-2013.03-SP5-2/auxx/tcllib/lib/tk8.4/spinbox.tcl
/CMC/tools/synopsys/syn_vH-2013.03-SP5-2/auxx/tcllib/lib/tk8.4/text.tcl
/CMC/tools/synopsys/syn_vH-2013.03-SP5-2/auxx/tcllib/lib/tix8.1.4/Init.tcl
/CMC/tools/synopsys/syn_vH-2013.03-SP5-2/auxx/tcllib/lib/tix8.1.4/Version.tcl
/CMC/tools/synopsys/syn_vH-2013.03-SP5-2/auxx/tcllib/lib/tix8.1.4/UnixFile.tcl
/CMC/tools/synopsys/syn_vH-2013.03-SP5-2/auxx/tcllib/lib/tix8.1.4/Tix.tcl
/CMC/tools/synopsys/syn_vH-2013.03-SP5-2/auxx/tcllib/lib/tix8.1.4/fs.tcl
/CMC/tools/synopsys/syn_vH-2013.03-SP5-2/auxx/tcllib/lib/tix8.1.4/pref/WmDefault.fsc
/CMC/tools/synopsys/syn_vH-2013.03-SP5-2/auxx/tcllib/lib/tix8.1.4/pref/pkgIndex.tcl
/CMC/tools/synopsys/syn_vH-2013.03-SP5-2/auxx/gui/syn/layout/pkgIndex.tcl
/CMC/tools/synopsys/syn_vH-2013.03-SP5-2/auxx/gui/common/acg/pkgIndex.tcl
/CMC/tools/synopsys/syn_vH-2013.03-SP5-2/auxx/gui/common/select/pkgIndex.tcl
/CMC/tools/synopsys/syn_vH-2013.03-SP5-2/auxx/gui/common/docBrowser/pkgIndex.tcl
/CMC/tools/synopsys/syn_vH-2013.03-SP5-2/auxx/gui/common/WindowFrameWork/pkgIndex.tcl
/CMC/tools/synopsys/syn_vH-2013.03-SP5-2/auxx/gui/common/qtcl/pkgIndex.tcl
/CMC/tools/synopsys/syn_vH-2013.03-SP5-2/auxx/gui/common/regressionToolkit/pkgIndex.tcl
/CMC/tools/synopsys/syn_vH-2013.03-SP5-2/auxx/gui/common/histogram/pkgIndex.tcl
/CMC/tools/synopsys/syn_vH-2013.03-SP5-2/auxx/gui/common/profiler/pkgIndex.tcl
/CMC/tools/synopsys/syn_vH-2013.03-SP5-2/auxx/gui/common/table/pkgIndex.tcl
/CMC/tools/synopsys/syn_vH-2013.03-SP5-2/auxx/gui/common/misc/pkgIndex.tcl
/CMC/tools/synopsys/syn_vH-2013.03-SP5-2/auxx/gui/common/libviewer/pkgIndex.tcl
/CMC/tools/synopsys/syn_vH-2013.03-SP5-2/auxx/gui/common/view/pkgIndex.tcl
/CMC/tools/synopsys/syn_vH-2013.03-SP5-2/auxx/gui/common/strokes/pkgIndex.tcl
/CMC/tools/synopsys/syn_vH-2013.03-SP5-2/auxx/gui/common/highlight/pkgIndex.tcl
/CMC/tools/synopsys/syn_vH-2013.03-SP5-2/auxx/gui/common/schematic/pkgIndex.tcl
/CMC/tools/synopsys/syn_vH-2013.03-SP5-2/auxx/gui/common/dialogs/pkgIndex.tcl
/CMC/tools/synopsys/syn_vH-2013.03-SP5-2/auxx/gui/common/timing/pkgIndex.tcl
/CMC/tools/synopsys/syn_vH-2013.03-SP5-2/auxx/gui/common/layout/pkgIndex.tcl
/CMC/tools/synopsys/syn_vH-2013.03-SP5-2/auxx/gui/common/pathinspector/pkgIndex.tcl
/CMC/tools/synopsys/syn_vH-2013.03-SP5-2/auxx/gui/common/fanoutviewer/pkgIndex.tcl
/CMC/tools/synopsys/syn_vH-2013.03-SP5-2/auxx/gui/common/setup/pkgIndex.tcl
/CMC/tools/synopsys/syn_vH-2013.03-SP5-2/auxx/gui/common/hierarchy/pkgIndex.tcl
/CMC/tools/synopsys/syn_vH-2013.03-SP5-2/auxx/gui/common/opdlg/pkgIndex.tcl
/CMC/tools/synopsys/syn_vH-2013.03-SP5-2/auxx/gui/common/tcl-dp/pkgIndex.tcl
/CMC/tools/synopsys/syn_vH-2013.03-SP5-2/auxx/gui/common/menus/pkgIndex.tcl
/CMC/tools/synopsys/syn_vH-2013.03-SP5-2/auxx/gui/dv/pkgIndex.tcl
/CMC/tools/synopsys/syn_vH-2013.03-SP5-2/auxx/tcllib/snps_tcl/snpsUtils/pkgIndex.tcl
/CMC/tools/synopsys/syn_vH-2013.03-SP5-2/auxx/tcllib/snps_tcl/snpsTest/pkgIndex.tcl
/CMC/tools/synopsys/syn_vH-2013.03-SP5-2/auxx/tcllib/snps_tcl/snpsTclPro/pkgIndex.tcl
/CMC/tools/synopsys/syn_vH-2013.03-SP5-2/auxx/tcllib/snps_tcl/pkgIndex.tcl
/CMC/tools/synopsys/syn_vH-2013.03-SP5-2/auxx/tcllib/lib/tcl8.4/http/pkgIndex.tcl
/CMC/tools/synopsys/syn_vH-2013.03-SP5-2/auxx/tcllib/lib/tcl8.4/opt/pkgIndex.tcl
/CMC/tools/synopsys/syn_vH-2013.03-SP5-2/auxx/tcllib/lib/tcl8.4/reg/pkgIndex.tcl
/CMC/tools/synopsys/syn_vH-2013.03-SP5-2/auxx/tcllib/lib/tcl8.4/tcltest/pkgIndex.tcl
/CMC/tools/synopsys/syn_vH-2013.03-SP5-2/auxx/tcllib/lib/tcl8.4/dde/pkgIndex.tcl
/CMC/tools/synopsys/syn_vH-2013.03-SP5-2/auxx/tcllib/lib/tcl8.4/http1.0/pkgIndex.tcl
/CMC/tools/synopsys/syn_vH-2013.03-SP5-2/auxx/tcllib/lib/tcl8.4/msgcat/pkgIndex.tcl
/CMC/tools/synopsys/syn_vH-2013.03-SP5-2/auxx/tcllib/lib/tix8.1.4/pref/WmDefault.tcl
/CMC/tools/synopsys/syn_vH-2013.03-SP5-2/auxx/tcllib/lib/tix8.1.4/pref/WmDefault.csc
/CMC/tools/synopsys/syn_vH-2013.03-SP5-2/auxx/tcllib/lib/tix8.1.4/HList.tcl
/CMC/tools/synopsys/syn_vH-2013.03-SP5-2/auxx/tcllib/lib/tk8.4/unsupported.tcl
/CMC/tools/synopsys/syn_vH-2013.03-SP5-2/auxx/tcllib/lib/tix8.1.4/Event.tcl
/CMC/tools/synopsys/syn_vH-2013.03-SP5-2/auxx/tcllib/lib/tix8.1.4/TList.tcl
/CMC/tools/synopsys/syn_vH-2013.03-SP5-2/auxx/tcllib/lib/tix8.1.4/Grid.tcl
/CMC/tools/synopsys/syn_vH-2013.03-SP5-2/auxx/tcllib/lib/tix8.1.4/ComboBox.tcl
/CMC/tools/synopsys/syn_vH-2013.03-SP5-2/auxx/tcllib/lib/tix8.1.4/LabWidg.tcl
/CMC/tools/synopsys/syn_vH-2013.03-SP5-2/auxx/tcllib/lib/tix8.1.4/Primitiv.tcl
/CMC/tools/synopsys/syn_vH-2013.03-SP5-2/auxx/tcllib/lib/tix8.1.4/Control.tcl
/CMC/tools/synopsys/syn_vH-2013.03-SP5-2/auxx/tcllib/lib/tix8.1.4/FloatEnt.tcl
/CMC/tools/synopsys/syn_vH-2013.03-SP5-2/auxx/tcllib/lib/tix8.1.4/LabEntry.tcl
/CMC/tools/synopsys/syn_vH-2013.03-SP5-2/auxx/tcllib/lib/tix8.1.4/SGrid.tcl
/CMC/tools/synopsys/syn_vH-2013.03-SP5-2/auxx/tcllib/lib/tix8.1.4/SWidget.tcl
/CMC/tools/synopsys/syn_vH-2013.03-SP5-2/auxx/tcllib/lib/tix8.1.4/SListBox.tcl
/CMC/tools/synopsys/syn_vH-2013.03-SP5-2/auxx/gui/common/histogram/base.tcl
/CMC/tools/synopsys/syn_vH-2013.03-SP5-2/auxx/gui/common/profiler/base.tcl
/CMC/tools/synopsys/syn_vH-2013.03-SP5-2/auxx/gui/common/schematic/base.tcl
/CMC/tools/synopsys/syn_vH-2013.03-SP5-2/auxx/gui/common/select/baseInternal.tcl
/CMC/tools/synopsys/syn_vH-2013.03-SP5-2/auxx/gui/common/schematic/enable.tcl
/CMC/tools/synopsys/syn_vH-2013.03-SP5-2/auxx/gui/common/schematic/netlist.tcl
/CMC/tools/synopsys/syn_vH-2013.03-SP5-2/auxx/gui/common/schematic/method.tcl
/CMC/tools/synopsys/syn_vH-2013.03-SP5-2/auxx/gui/common/misc/createViewType.tcl
/CMC/tools/synopsys/syn_vH-2013.03-SP5-2/auxx/gui/common/menus/base.tcl
/CMC/tools/synopsys/syn_vH-2013.03-SP5-2/auxx/gui/common/libviewer/base.tcl
/CMC/tools/synopsys/syn_vH-2013.03-SP5-2/auxx/gui/common/misc/viewmgr.tcl
/CMC/tools/synopsys/syn_vH-2013.03-SP5-2/auxx/gui/common/pathinspector/base.tcl
/CMC/tools/synopsys/syn_vH-2013.03-SP5-2/auxx/gui/common/pathinspector/create_window_and_menu.tcl
/CMC/tools/synopsys/syn_vH-2013.03-SP5-2/auxx/gui/dv/dv_path_cat_view.tcl
/CMC/tools/synopsys/syn_vH-2013.03-SP5-2/auxx/gui/common/table/table.tcl
/CMC/tools/synopsys/syn_vH-2013.03-SP5-2/auxx/gui/common/table/table_internal.tcl
/CMC/tools/synopsys/syn_vH-2013.03-SP5-2/auxx/gui/common/misc/infotip.tcl
/CMC/tools/synopsys/syn_vH-2013.03-SP5-2/auxx/gui/common/misc/viewporthistory.tcl
/CMC/kits/tsmc_65nm_libs/tcbn65gplus_200a/TSMCHOME/digital/Front_End/timing_power_noise/NLDM/tcbn65gplus_140b/tcbn65gpluswc.db
/CMC/tools/synopsys/syn_vH-2013.03-SP5-2/libraries/syn/gtech.db
/CMC/tools/synopsys/syn_vH-2013.03-SP5-2/libraries/syn/standard.sldb
/home/vladimirmilicevic/ann_routerCache/routingCache.v
/home/vladimirmilicevic/ann_routerCache/routingCache.v
/home/vladimirmilicevic/synopsys_cache_H-2013.03-SP5-2/DW01/DW01_mmux/str/2/tcbn65gpluswc_2959_8167_3385/element.ddc
/home/vladimirmilicevic/synopsys_cache_H-2013.03-SP5-2/DW01/DW01_mmux/str/3/tcbn65gpluswc_2959_8167_3385/element.ddc
/home/vladimirmilicevic/synopsys_cache_H-2013.03-SP5-2/DW01/DW01_mmux/str/4/tcbn65gpluswc_2959_8167_3385/element.ddc
/home/vladimirmilicevic/synopsys_cache_H-2013.03-SP5-2/DW01/DW01_mmux/str/5/tcbn65gpluswc_2959_8167_3385/element.ddc
/home/vladimirmilicevic/synopsys_cache_H-2013.03-SP5-2/DW01/DW01_inc/rpl/3/tcbn65gpluswc_2959_8167_3385/element.ddc
/home/vladimirmilicevic/synopsys_cache_H-2013.03-SP5-2/DW01/DW01_inc/rpl/3/tcbn65gpluswc_2959/element.ddc
/CMC/kits/tsmc_65nm_libs/tcbn65gplus_200a/TSMCHOME/digital/Front_End/timing_power_noise/NLDM/tcbn65gplus_140b/tcbn65gpluswc.db
/CMC/tools/synopsys/syn_vH-2013.03-SP5-2/libraries/syn/generic.sdb
/CMC/kits/tsmc_65nm_libs/tcbn65gplus_200a/TSMCHOME/digital/Front_End/timing_power_noise/NLDM/tcbn65gplus_140b/tcbn65gpluswc.db
/CMC/kits/tsmc_65nm_libs/tcbn65gplus_200a/TSMCHOME/digital/Front_End/timing_power_noise/NLDM/tcbn65gplus_140b/tcbn65gpluswc.db
/home/vladimirmilicevic/ann_activationFunction/activationFunction.v
/home/vladimirmilicevic/ann_activationFunction/activationFunction.v
/home/vladimirmilicevic/synopsys_cache_H-2013.03-SP5-2/DW01/DW01_mmux/str/2/tcbn65gpluswc_2959_8167_3385/element.ddc
/home/vladimirmilicevic/synopsys_cache_H-2013.03-SP5-2/DW01/DW01_mmux/str/3/tcbn65gpluswc_2959_8167_3385/element.ddc
/home/vladimirmilicevic/synopsys_cache_H-2013.03-SP5-2/DW01/DW01_mmux/str/4/tcbn65gpluswc_2959_8167_3385/element.ddc
/home/vladimirmilicevic/synopsys_cache_H-2013.03-SP5-2/DW01/DW01_mmux/str/5/tcbn65gpluswc_2959_8167_3385/element.ddc
/CMC/kits/tsmc_65nm_libs/tcbn65gplus_200a/TSMCHOME/digital/Front_End/timing_power_noise/NLDM/tcbn65gplus_140b/tcbn65gpluswc.db
/CMC/kits/tsmc_65nm_libs/tcbn65gplus_200a/TSMCHOME/digital/Front_End/timing_power_noise/NLDM/tcbn65gplus_140b/tcbn65gpluswc.db
/CMC/kits/tsmc_65nm_libs/tcbn65gplus_200a/TSMCHOME/digital/Front_End/timing_power_noise/NLDM/tcbn65gplus_140b/tcbn65gpluswc.db
/home/vladimirmilicevic/ann_arbiter_ONLY/arbiter.v
/home/vladimirmilicevic/ann_arbiter_ONLY/arbiter.v
/home/vladimirmilicevic/synopsys_cache_H-2013.03-SP5-2/DW01/DW01_mmux/str/2/tcbn65gpluswc_2959_8167_3385/element.ddc
/home/vladimirmilicevic/synopsys_cache_H-2013.03-SP5-2/DW01/DW01_mmux/str/3/tcbn65gpluswc_2959_8167_3385/element.ddc
/home/vladimirmilicevic/synopsys_cache_H-2013.03-SP5-2/DW01/DW01_mmux/str/4/tcbn65gpluswc_2959_8167_3385/element.ddc
/home/vladimirmilicevic/synopsys_cache_H-2013.03-SP5-2/DW01/DW01_mmux/str/5/tcbn65gpluswc_2959_8167_3385/element.ddc
/home/vladimirmilicevic/synopsys_cache_H-2013.03-SP5-2/DW01/DW01_inc/rpl/3/tcbn65gpluswc_2959_8167_3385/element.ddc
/home/vladimirmilicevic/synopsys_cache_H-2013.03-SP5-2/DW01/DW01_inc/rpl/3/tcbn65gpluswc_2959/element.ddc
/CMC/kits/tsmc_65nm_libs/tcbn65gplus_200a/TSMCHOME/digital/Front_End/timing_power_noise/NLDM/tcbn65gplus_140b/tcbn65gpluswc.db
/home/vladimirmilicevic/ann_arbiter_ONLY/arbiter.v
/home/vladimirmilicevic/ann_arbiter_ONLY/arbiter.v
/home/vladimirmilicevic/synopsys_cache_H-2013.03-SP5-2/DW01/DW01_mmux/str/2/tcbn65gpluswc_2959_8167_3385/element.ddc
/home/vladimirmilicevic/synopsys_cache_H-2013.03-SP5-2/DW01/DW01_mmux/str/3/tcbn65gpluswc_2959_8167_3385/element.ddc
/home/vladimirmilicevic/synopsys_cache_H-2013.03-SP5-2/DW01/DW01_mmux/str/4/tcbn65gpluswc_2959_8167_3385/element.ddc
/home/vladimirmilicevic/synopsys_cache_H-2013.03-SP5-2/DW01/DW01_mmux/str/5/tcbn65gpluswc_2959_8167_3385/element.ddc
/CMC/kits/tsmc_65nm_libs/tcbn65gplus_200a/TSMCHOME/digital/Front_End/timing_power_noise/NLDM/tcbn65gplus_140b/tcbn65gpluswc.db
/home/vladimirmilicevic/ann_arbiter_ONLY/arbiter.v
/home/vladimirmilicevic/ann_arbiter_ONLY/arbiter.v
/home/vladimirmilicevic/synopsys_cache_H-2013.03-SP5-2/DW01/DW01_mmux/str/2/tcbn65gpluswc_2959_8167_3385/element.ddc
/home/vladimirmilicevic/synopsys_cache_H-2013.03-SP5-2/DW01/DW01_mmux/str/3/tcbn65gpluswc_2959_8167_3385/element.ddc
/home/vladimirmilicevic/synopsys_cache_H-2013.03-SP5-2/DW01/DW01_mmux/str/4/tcbn65gpluswc_2959_8167_3385/element.ddc
/home/vladimirmilicevic/synopsys_cache_H-2013.03-SP5-2/DW01/DW01_mmux/str/5/tcbn65gpluswc_2959_8167_3385/element.ddc
/CMC/kits/tsmc_65nm_libs/tcbn65gplus_200a/TSMCHOME/digital/Front_End/timing_power_noise/NLDM/tcbn65gplus_140b/tcbn65gpluswc.db
/home/vladimirmilicevic/ann_arbiter_ONLY/arbiter.v
/home/vladimirmilicevic/ann_arbiter_ONLY/arbiter.v
/home/vladimirmilicevic/ann_arbiter_ONLY/arbiter.v
/home/vladimirmilicevic/ann_arbiter_ONLY/arbiter.v
/home/vladimirmilicevic/ann_arbiter_ONLY/arbiter.v
/home/vladimirmilicevic/ann_arbiter_ONLY/arbiter.v
/home/vladimirmilicevic/ann_arbiter_ONLY/arbiter.v
/home/vladimirmilicevic/ann_arbiter_ONLY/arbiter.v
/home/vladimirmilicevic/synopsys_cache_H-2013.03-SP5-2/DW01/DW01_mmux/str/2/tcbn65gpluswc_2959_8167_3385/element.ddc
/home/vladimirmilicevic/synopsys_cache_H-2013.03-SP5-2/DW01/DW01_mmux/str/3/tcbn65gpluswc_2959_8167_3385/element.ddc
/home/vladimirmilicevic/synopsys_cache_H-2013.03-SP5-2/DW01/DW01_mmux/str/4/tcbn65gpluswc_2959_8167_3385/element.ddc
/home/vladimirmilicevic/synopsys_cache_H-2013.03-SP5-2/DW01/DW01_mmux/str/5/tcbn65gpluswc_2959_8167_3385/element.ddc
/home/vladimirmilicevic/synopsys_cache_H-2013.03-SP5-2/DW01/DW01_inc/rpl/3/tcbn65gpluswc_2959_8167_3385/element.ddc
/home/vladimirmilicevic/synopsys_cache_H-2013.03-SP5-2/DW01/DW01_inc/rpl/3/tcbn65gpluswc_2959/element.ddc
/CMC/kits/tsmc_65nm_libs/tcbn65gplus_200a/TSMCHOME/digital/Front_End/timing_power_noise/NLDM/tcbn65gplus_140b/tcbn65gpluswc.db
/tmp/gui_upf_If5401.upf
/home/vladimirmilicevic/ann_allocation_buffer/allocation_buffer.v
/home/vladimirmilicevic/ann_allocation_buffer/allocation_buffer.v
/home/vladimirmilicevic/synopsys_cache_H-2013.03-SP5-2/DW01/DW01_mmux/str/2/tcbn65gpluswc_2959_8167_3385/element.ddc
/home/vladimirmilicevic/synopsys_cache_H-2013.03-SP5-2/DW01/DW01_mmux/str/3/tcbn65gpluswc_2959_8167_3385/element.ddc
/home/vladimirmilicevic/synopsys_cache_H-2013.03-SP5-2/DW01/DW01_mmux/str/4/tcbn65gpluswc_2959_8167_3385/element.ddc
/home/vladimirmilicevic/synopsys_cache_H-2013.03-SP5-2/DW01/DW01_mmux/str/5/tcbn65gpluswc_2959_8167_3385/element.ddc
/home/vladimirmilicevic/synopsys_cache_H-2013.03-SP5-2/DW01/DW01_inc/rpl/3/tcbn65gpluswc_2959_8167_3385/element.ddc
/home/vladimirmilicevic/synopsys_cache_H-2013.03-SP5-2/DW01/DW01_dec/rpl/3/tcbn65gpluswc_2959_8167_3385/element.ddc
/home/vladimirmilicevic/synopsys_cache_H-2013.03-SP5-2/DW01/DW01_dec/rpl/3/tcbn65gpluswc_2959/element.ddc
/home/vladimirmilicevic/synopsys_cache_H-2013.03-SP5-2/DW01/DW01_inc/rpl/3/tcbn65gpluswc_2959/element.ddc
/CMC/kits/tsmc_65nm_libs/tcbn65gplus_200a/TSMCHOME/digital/Front_End/timing_power_noise/NLDM/tcbn65gplus_140b/tcbn65gpluswc.db
/home/vladimirmilicevic/ann_arbiter_slim/arbiter.v
/home/vladimirmilicevic/ann_arbiter_slim/arbiter.v
/home/vladimirmilicevic/synopsys_cache_H-2013.03-SP5-2/DW01/DW01_mmux/str/2/tcbn65gpluswc_2959_8167_3385/element.ddc
/home/vladimirmilicevic/synopsys_cache_H-2013.03-SP5-2/DW01/DW01_mmux/str/3/tcbn65gpluswc_2959_8167_3385/element.ddc
/home/vladimirmilicevic/synopsys_cache_H-2013.03-SP5-2/DW01/DW01_mmux/str/4/tcbn65gpluswc_2959_8167_3385/element.ddc
/home/vladimirmilicevic/synopsys_cache_H-2013.03-SP5-2/DW01/DW01_mmux/str/5/tcbn65gpluswc_2959_8167_3385/element.ddc
/CMC/kits/tsmc_65nm_libs/tcbn65gplus_200a/TSMCHOME/digital/Front_End/timing_power_noise/NLDM/tcbn65gplus_140b/tcbn65gpluswc.db
/home/vladimirmilicevic/ann_routerCache/routingCache.v
/home/vladimirmilicevic/ann_routerCache/routingCache.v
/home/vladimirmilicevic/synopsys_cache_H-2013.03-SP5-2/DW01/DW01_mmux/str/2/tcbn65gpluswc_2959_8167_3385/element.ddc
/home/vladimirmilicevic/synopsys_cache_H-2013.03-SP5-2/DW01/DW01_mmux/str/3/tcbn65gpluswc_2959_8167_3385/element.ddc
/home/vladimirmilicevic/synopsys_cache_H-2013.03-SP5-2/DW01/DW01_mmux/str/4/tcbn65gpluswc_2959_8167_3385/element.ddc
/home/vladimirmilicevic/synopsys_cache_H-2013.03-SP5-2/DW01/DW01_mmux/str/5/tcbn65gpluswc_2959_8167_3385/element.ddc
/home/vladimirmilicevic/synopsys_cache_H-2013.03-SP5-2/DW01/DW01_inc/rpl/3/tcbn65gpluswc_2959_8167_3385/element.ddc
/home/vladimirmilicevic/synopsys_cache_H-2013.03-SP5-2/DW01/DW01_inc/rpl/3/tcbn65gpluswc_2959/element.ddc
/CMC/kits/tsmc_65nm_libs/tcbn65gplus_200a/TSMCHOME/digital/Front_End/timing_power_noise/NLDM/tcbn65gplus_140b/tcbn65gpluswc.db
