###############################################################
#  Generated by:      Cadence Encounter 11.12-s136_1
#  OS:                Linux x86_64(Host ID thor.doe.carleton.ca)
#  Generated on:      Sun Jan 19 00:54:25 2020
#  Design:            layer_controller
#  Command:           verifyGeometry
###############################################################

SHORT: Special Wire of Net VDD & Pin of Cell addr_reg[14]  ( M1 )
Bounds : ( 151.000, 348.900 ) ( 156.400, 348.965 )


SPACING: Special Wire of Net VDD & Blockage of Cell generate_neurons[5].u_neuron/u_neuron/fma_aligner_adder_i/U672  ( M1 )
Bounds : ( 151.420, 5.165 ) ( 152.040, 5.275 )
Actual:     0.11     Min:     0.16     Type: ParallelRun

SPACING: Special Wire of Net VDD & Blockage of Cell generate_neurons[5].u_neuron/u_neuron/fma_aligner_adder_i/U682  ( M1 )
Bounds : ( 148.620, 5.165 ) ( 149.240, 5.275 )
Actual:     0.11     Min:     0.16     Type: ParallelRun

SPACING: Special Wire of Net VDD & Blockage of Cell generate_neurons[5].u_neuron/u_neuron/fma_aligner_adder_i/U699  ( M1 )
Bounds : ( 146.835, 5.165 ) ( 147.380, 5.275 )
Actual:     0.11     Min:     0.16     Type: ParallelRun

SPACING: Special Wire of Net VDD & Blockage of Cell generate_neurons[5].u_neuron/u_neuron/fma_aligner_adder_i/U671  ( M1 )
Bounds : ( 144.220, 5.165 ) ( 144.840, 5.275 )
Actual:     0.11     Min:     0.16     Type: ParallelRun

SPACING: Special Wire of Net VDD & Blockage of Cell generate_neurons[5].u_neuron/u_neuron/fma_aligner_adder_i/U698  ( M1 )
Bounds : ( 135.360, 5.165 ) ( 135.980, 5.275 )
Actual:     0.11     Min:     0.16     Type: ParallelRun

SPACING: Special Wire of Net VDD & Blockage of Cell generate_neurons[1].u_neuron/u_neuron/fma_mult_tree_i/U123  ( M1 )
Bounds : ( 111.570, 5.165 ) ( 112.175, 5.315 )
Actual:     0.15     Min:     0.16     Type: ParallelRun

SPACING: Special Wire of Net VDD & Blockage of Cell generate_neurons[1].u_neuron/u_neuron/fma_mult_tree_i/U138  ( M1 )
Bounds : ( 107.525, 5.165 ) ( 108.210, 5.275 )
Actual:     0.11     Min:     0.16     Type: ParallelRun

SPACING: Special Wire of Net VDD & Blockage of Cell generate_neurons[1].u_neuron/u_neuron/fma_mult_tree_i/U139  ( M1 )
Bounds : ( 105.470, 5.165 ) ( 106.265, 5.305 )
Actual:     0.14     Min:     0.16     Type: ParallelRun

SPACING: Special Wire of Net VDD & Blockage of Cell generate_neurons[1].u_neuron/u_neuron/fma_mult_tree_i/U441  ( M1 )
Bounds : ( 103.270, 5.165 ) ( 104.065, 5.305 )
Actual:     0.14     Min:     0.16     Type: ParallelRun

SPACING: Special Wire of Net VDD & Blockage of Cell generate_neurons[1].u_neuron/u_neuron/fma_mult_tree_i/U41  ( M1 )
Bounds : ( 97.825, 5.165 ) ( 98.430, 5.315 )
Actual:     0.15     Min:     0.16     Type: ParallelRun

SPACING: Special Wire of Net VDD & Blockage of Cell generate_neurons[1].u_neuron/u_neuron/fma_mult_tree_i/U439  ( M1 )
Bounds : ( 95.070, 5.165 ) ( 95.865, 5.305 )
Actual:     0.14     Min:     0.16     Type: ParallelRun

SPACING: Special Wire of Net VDD & Blockage of Cell generate_neurons[1].u_neuron/u_neuron/fma_mult_tree_i/U442  ( M1 )
Bounds : ( 91.870, 5.165 ) ( 92.665, 5.305 )
Actual:     0.14     Min:     0.16     Type: ParallelRun

SPACING: Special Wire of Net VDD & Blockage of Cell generate_neurons[1].u_neuron/u_neuron/fma_mult_tree_i/U440  ( M1 )
Bounds : ( 84.670, 5.165 ) ( 85.465, 5.305 )
Actual:     0.14     Min:     0.16     Type: ParallelRun

SPACING: Special Wire of Net VDD & Blockage of Cell generate_neurons[1].u_neuron/u_neuron/fma_mult_tree_i/U435  ( M1 )
Bounds : ( 82.670, 5.165 ) ( 83.465, 5.305 )
Actual:     0.14     Min:     0.16     Type: ParallelRun

SPACING: Special Wire of Net VDD & Blockage of Cell generate_neurons[1].u_neuron/u_neuron/fma_mult_tree_i/U436  ( M1 )
Bounds : ( 80.670, 5.165 ) ( 81.465, 5.305 )
Actual:     0.14     Min:     0.16     Type: ParallelRun

SPACING: Special Wire of Net VDD & Blockage of Cell generate_neurons[1].u_neuron/u_neuron/fma_aligner_adder_i/U1158  ( M1 )
Bounds : ( 35.820, 5.165 ) ( 36.440, 5.275 )
Actual:     0.11     Min:     0.16     Type: ParallelRun

SPACING: Special Wire of Net VDD & Blockage of Cell generate_neurons[1].u_neuron/u_neuron/fma_aligner_adder_i/U1175  ( M1 )
Bounds : ( 32.420, 5.165 ) ( 33.040, 5.275 )
Actual:     0.11     Min:     0.16     Type: ParallelRun

SPACING: Special Wire of Net VDD & Blockage of Cell generate_neurons[1].u_neuron/u_neuron/fma_aligner_adder_i/U1088  ( M1 )
Bounds : ( 17.560, 5.165 ) ( 18.180, 5.275 )
Actual:     0.11     Min:     0.16     Type: ParallelRun

SHORT: Special Wire of Net VDD & Pin of Cell generate_neurons[2].u_neuron/u_neuron/fma_aligner_adder_i/fma_lza_i/U80  ( M1 )
Bounds : ( 132.600, 348.900 ) ( 133.800, 348.965 )


SHORT: Special Wire of Net VDD & Pin of Cell generate_neurons[2].u_neuron/u_neuron/fma_aligner_adder_i/fma_lza_i/U59  ( M1 )
Bounds : ( 124.400, 348.900 ) ( 126.200, 348.965 )


SHORT: Special Wire of Net VDD & Pin of Cell generate_neurons[6].u_neuron/u_neuron/fma_aligner_adder_i/fma_lza_i/U29  ( M1 )
Bounds : ( 45.000, 348.900 ) ( 46.800, 348.965 )


SHORT: Special Wire of Net VDD & Pin of Cell generate_neurons[6].u_neuron/u_neuron/fma_aligner_adder_i/fma_lza_i/U109  ( M1 )
Bounds : ( 34.400, 348.900 ) ( 35.000, 348.965 )


SPACING: Special Wire of Net VDD & Blockage of Cell generate_neurons[5].u_neuron/u_neuron/fma_mult_tree_i/U441  ( M1 )
Bounds : ( 233.470, 5.165 ) ( 234.265, 5.305 )
Actual:     0.14     Min:     0.16     Type: ParallelRun

SPACING: Special Wire of Net VDD & Blockage of Cell generate_neurons[5].u_neuron/u_neuron/fma_mult_tree_i/U41  ( M1 )
Bounds : ( 230.025, 5.165 ) ( 230.630, 5.315 )
Actual:     0.15     Min:     0.16     Type: ParallelRun

SPACING: Special Wire of Net VDD & Blockage of Cell generate_neurons[5].u_neuron/u_neuron/fma_mult_tree_i/U439  ( M1 )
Bounds : ( 227.070, 5.165 ) ( 227.865, 5.305 )
Actual:     0.14     Min:     0.16     Type: ParallelRun

SPACING: Special Wire of Net VDD & Blockage of Cell generate_neurons[5].u_neuron/u_neuron/fma_mult_tree_i/U442  ( M1 )
Bounds : ( 224.670, 5.165 ) ( 225.465, 5.305 )
Actual:     0.14     Min:     0.16     Type: ParallelRun

SPACING: Special Wire of Net VDD & Blockage of Cell generate_neurons[5].u_neuron/u_neuron/fma_mult_tree_i/U440  ( M1 )
Bounds : ( 222.670, 5.165 ) ( 223.465, 5.305 )
Actual:     0.14     Min:     0.16     Type: ParallelRun

SPACING: Special Wire of Net VDD & Blockage of Cell generate_neurons[5].u_neuron/u_neuron/fma_aligner_adder_i/srl_62/U53  ( M1 )
Bounds : ( 196.390, 5.165 ) ( 197.075, 5.275 )
Actual:     0.11     Min:     0.16     Type: ParallelRun

SPACING: Special Wire of Net VDD & Blockage of Cell generate_neurons[5].u_neuron/u_neuron/fma_aligner_adder_i/U1135  ( M1 )
Bounds : ( 191.820, 5.165 ) ( 192.440, 5.275 )
Actual:     0.11     Min:     0.16     Type: ParallelRun

SPACING: Special Wire of Net VDD & Blockage of Cell generate_neurons[5].u_neuron/u_neuron/fma_aligner_adder_i/U1129  ( M1 )
Bounds : ( 190.220, 5.165 ) ( 190.840, 5.275 )
Actual:     0.11     Min:     0.16     Type: ParallelRun

SPACING: Special Wire of Net VDD & Blockage of Cell generate_neurons[5].u_neuron/u_neuron/fma_aligner_adder_i/U1150  ( M1 )
Bounds : ( 187.420, 5.165 ) ( 188.040, 5.275 )
Actual:     0.11     Min:     0.16     Type: ParallelRun

SPACING: Special Wire of Net VDD & Blockage of Cell generate_neurons[5].u_neuron/u_neuron/fma_aligner_adder_i/U1136  ( M1 )
Bounds : ( 183.665, 5.165 ) ( 184.315, 5.275 )
Actual:     0.11     Min:     0.16     Type: ParallelRun

SPACING: Special Wire of Net VDD & Blockage of Cell generate_neurons[5].u_neuron/u_neuron/fma_aligner_adder_i/U1134  ( M1 )
Bounds : ( 181.970, 5.165 ) ( 182.575, 5.315 )
Actual:     0.15     Min:     0.16     Type: ParallelRun

SPACING: Special Wire of Net VDD & Blockage of Cell generate_neurons[5].u_neuron/u_neuron/fma_aligner_adder_i/U1133  ( M1 )
Bounds : ( 178.635, 5.165 ) ( 179.180, 5.275 )
Actual:     0.11     Min:     0.16     Type: ParallelRun

SPACING: Special Wire of Net VDD & Blockage of Cell generate_neurons[5].u_neuron/u_neuron/fma_aligner_adder_i/U1128  ( M1 )
Bounds : ( 170.470, 5.165 ) ( 171.265, 5.305 )
Actual:     0.14     Min:     0.16     Type: ParallelRun

SPACING: Special Wire of Net VDD & Blockage of Cell generate_neurons[5].u_neuron/u_neuron/fma_aligner_adder_i/U1211  ( M1 )
Bounds : ( 169.135, 5.165 ) ( 169.930, 5.305 )
Actual:     0.14     Min:     0.16     Type: ParallelRun

SPACING: Special Wire of Net VDD & Blockage of Cell generate_neurons[5].u_neuron/u_neuron/fma_aligner_adder_i/U1213  ( M1 )
Bounds : ( 166.470, 5.165 ) ( 167.265, 5.305 )
Actual:     0.14     Min:     0.16     Type: ParallelRun

SPACING: Special Wire of Net VDD & Blockage of Cell generate_neurons[5].u_neuron/u_neuron/fma_aligner_adder_i/U749  ( M1 )
Bounds : ( 164.020, 5.165 ) ( 164.640, 5.275 )
Actual:     0.11     Min:     0.16     Type: ParallelRun

SPACING: Special Wire of Net VDD & Blockage of Cell generate_neurons[5].u_neuron/u_neuron/fma_aligner_adder_i/U746  ( M1 )
Bounds : ( 161.670, 5.165 ) ( 162.465, 5.305 )
Actual:     0.14     Min:     0.16     Type: ParallelRun

SPACING: Special Wire of Net VDD & Blockage of Cell generate_neurons[5].u_neuron/u_neuron/fma_aligner_adder_i/U665  ( M1 )
Bounds : ( 160.235, 5.165 ) ( 160.780, 5.275 )
Actual:     0.11     Min:     0.16     Type: ParallelRun

SPACING: Special Wire of Net VDD & Blockage of Cell generate_neurons[5].u_neuron/u_neuron/fma_aligner_adder_i/U1210  ( M1 )
Bounds : ( 158.535, 5.165 ) ( 159.330, 5.305 )
Actual:     0.14     Min:     0.16     Type: ParallelRun

SPACING: Special Wire of Net VDD & Blockage of Cell generate_neurons[5].u_neuron/u_neuron/fma_aligner_adder_i/U673  ( M1 )
Bounds : ( 154.070, 5.165 ) ( 154.865, 5.305 )
Actual:     0.14     Min:     0.16     Type: ParallelRun

SPACING: Special Wire of Net VDD & Blockage of Cell u_fwd_routing_engine/U479  ( M1 )
Bounds : ( 344.620, 5.165 ) ( 345.240, 5.275 )
Actual:     0.11     Min:     0.16     Type: ParallelRun

SPACING: Special Wire of Net VDD & Blockage of Cell u_fwd_routing_engine/U464  ( M1 )
Bounds : ( 342.560, 5.165 ) ( 343.180, 5.275 )
Actual:     0.11     Min:     0.16     Type: ParallelRun

SPACING: Special Wire of Net VDD & Blockage of Cell u_fwd_routing_engine/U486  ( M1 )
Bounds : ( 335.870, 5.165 ) ( 336.735, 5.310 )
Actual:     0.145     Min:     0.16     Type: ParallelRun

SPACING: Special Wire of Net VDD & Blockage of Cell u_fwd_routing_engine/dst_reg[3][0]  ( M1 )
Bounds : ( 333.815, 5.165 ) ( 334.240, 5.275 )
Actual:     0.11     Min:     0.16     Type: ParallelRun

SPACING: Special Wire of Net VDD & Blockage of Cell u_fwd_routing_engine/U714  ( M1 )
Bounds : ( 330.760, 5.165 ) ( 331.380, 5.275 )
Actual:     0.11     Min:     0.16     Type: ParallelRun

SPACING: Special Wire of Net VDD & Blockage of Cell u_fwd_routing_engine/U716  ( M1 )
Bounds : ( 326.485, 5.165 ) ( 327.135, 5.275 )
Actual:     0.11     Min:     0.16     Type: ParallelRun

SPACING: Special Wire of Net VDD & Blockage of Cell u_fwd_routing_engine/dst_reg[2][0]  ( M1 )
Bounds : ( 321.015, 5.165 ) ( 321.440, 5.275 )
Actual:     0.11     Min:     0.16     Type: ParallelRun

SPACING: Special Wire of Net VDD & Blockage of Cell u_fwd_routing_engine/U515  ( M1 )
Bounds : ( 317.220, 5.165 ) ( 317.840, 5.275 )
Actual:     0.11     Min:     0.16     Type: ParallelRun

SPACING: Special Wire of Net VDD & Blockage of Cell u_fwd_routing_engine/U516  ( M1 )
Bounds : ( 312.665, 5.165 ) ( 313.315, 5.275 )
Actual:     0.11     Min:     0.16     Type: ParallelRun

SPACING: Special Wire of Net VDD & Blockage of Cell u_fwd_routing_engine/U747  ( M1 )
Bounds : ( 302.465, 5.165 ) ( 303.115, 5.275 )
Actual:     0.11     Min:     0.16     Type: ParallelRun

SPACING: Special Wire of Net VDD & Pin of Cell clk__L3_I30  ( M1 )
Bounds : ( 234.060, 348.475 ) ( 237.370, 348.900 )
Actual:     0.425     Min:     0.5     Type: ParallelRun

SPACING: Special Wire of Net VDD & Blockage of Cell addr_reg[14]  ( M1 )
Bounds : ( 153.920, 348.525 ) ( 155.480, 348.900 )
Actual:     0.375     Min:     0.5     Type: ParallelRun

SHORT: Special Wire of Net VDD & Pin of Cell generate_neurons[5].u_neuron/u_neuron/U5  ( M1 )
Bounds : ( 287.800, 348.900 ) ( 288.400, 348.965 )


SHORT: Special Wire of Net VDD & Pin of Cell clk__L3_I30  ( M1 )
Bounds : ( 232.400, 348.900 ) ( 238.000, 348.965 )


SHORT: Special Wire of Net VDD & Pin of Cell generate_neurons[2].u_neuron/u_neuron/fma_mult_tree_i/U19  ( M1 )
Bounds : ( 206.400, 348.900 ) ( 207.600, 348.965 )


SHORT: Special Wire of Net VDD & Pin of Cell generate_neurons[2].u_neuron/u_neuron/fma_mult_tree_i/U122  ( M1 )
Bounds : ( 191.400, 348.900 ) ( 192.000, 348.965 )


SHORT: Special Wire of Net VDD & Pin of Cell generate_neurons[2].u_neuron/u_neuron/fma_mult_tree_i/U443  ( M1 )
Bounds : ( 180.000, 348.900 ) ( 182.000, 348.965 )



Begin Summary ...
  Cells       : 0
  SameNet     : 49
  Wiring      : 1
  Antenna     : 0
  Short       : 10
  Overlap     : 0
End Summary

  Total Violations : 60 Viols.
