###############################################################
#  Generated by:      Cadence Encounter 11.12-s136_1
#  OS:                Linux x86_64(Host ID thor.doe.carleton.ca)
#  Generated on:      Sat Jan 11 22:21:17 2020
#  Design:            fma_top
#  Command:           verifyGeometry
###############################################################

SPACING: Special Wire of Net VDD & Special Wire of Net VDD  ( M1 )
Bounds : ( 17.040, 102.965 ) ( 107.195, 103.800 )
Actual:     0.835     Min:     1.5     Type: ParallelRun  SameNetGap

SPACING: Special Wire of Net VDD & Special Wire of Net VDD  ( M1 )
Bounds : ( 17.040, 19.000 ) ( 107.195, 19.835 )
Actual:     0.835     Min:     1.5     Type: ParallelRun  SameNetGap


Begin Summary ...
  Cells       : 0
  SameNet     : 2
  Wiring      : 0
  Antenna     : 0
  Short       : 0
  Overlap     : 0
End Summary

  Total Violations : 2 Viols.
